Build started 4/25/2013 5:54:49 PM.
     1>Project "C:\Users\shageo12\Desktop\Poker\Poker\Poker\Poker.vcxproj" on node 2 (build target(s)).
     1>InitializeBuildStatus:
         Creating "Debug\Poker.unsuccessfulbuild" because "AlwaysCreate" was specified.
       ClCompile:
         C:\Program Files (x86)\Microsoft Visual Studio 10.0\VC\bin\CL.exe /c /ZI /nologo /W3 /WX- /Od /Oy- /D WIN32 /D _DEBUG /D _CONSOLE /D _UNICODE /D UNICODE /Gm /EHsc /RTC1 /MDd /GS /fp:precise /Zc:wchar_t /Zc:forScope /Fo"Debug\\" /Fd"Debug\vc100.pdb" /Gd /TP /analyze- /errorReport:prompt ..\..\main.cpp
         main.cpp
     1>c:\users\shageo12\desktop\poker\main.cpp(363): warning C4101: 'straightStart' : unreferenced local variable
     1>c:\users\shageo12\desktop\poker\main.cpp(364): warning C4101: 'pairStart' : unreferenced local variable
       ManifestResourceCompile:
         All outputs are up-to-date.
       Link:
         C:\Program Files (x86)\Microsoft Visual Studio 10.0\VC\bin\link.exe /ERRORREPORT:PROMPT /OUT:"C:\Users\shageo12\Desktop\Poker\Poker\Debug\Poker.exe" /INCREMENTAL /NOLOGO kernel32.lib user32.lib gdi32.lib winspool.lib comdlg32.lib advapi32.lib shell32.lib ole32.lib oleaut32.lib uuid.lib odbc32.lib odbccp32.lib /MANIFEST /ManifestFile:"Debug\Poker.exe.intermediate.manifest" /MANIFESTUAC:"level='asInvoker' uiAccess='false'" /DEBUG /PDB:"C:\Users\shageo12\Desktop\Poker\Poker\Debug\Poker.pdb" /SUBSYSTEM:CONSOLE /TLBID:1 /DYNAMICBASE /NXCOMPAT /IMPLIB:"C:\Users\shageo12\Desktop\Poker\Poker\Debug\Poker.lib" /MACHINE:X86 Debug\Poker.exe.embed.manifest.res
         Debug\card.obj
         Debug\deck.obj
         Debug\main.obj
       Manifest:
         C:\Program Files (x86)\Microsoft SDKs\Windows\v7.0A\bin\mt.exe /nologo /verbose /out:"Debug\Poker.exe.embed.manifest" /manifest Debug\Poker.exe.intermediate.manifest
         All outputs are up-to-date.
       LinkEmbedManifest:
         All outputs are up-to-date.
         Poker.vcxproj -> C:\Users\shageo12\Desktop\Poker\Poker\Debug\Poker.exe
       FinalizeBuildStatus:
         Deleting file "Debug\Poker.unsuccessfulbuild".
         Touching "Debug\Poker.lastbuildstate".
     1>Done Building Project "C:\Users\shageo12\Desktop\Poker\Poker\Poker\Poker.vcxproj" (build target(s)).

Build succeeded.

Time Elapsed 00:00:01.09
