Build started 11/13/2012 11:14:31 AM.
     1>Project "H:\Semester 1\Programming 1\Assignments\Assignment4\Assigment4.vcxproj" on node 2 (build target(s)).
     1>InitializeBuildStatus:
         Creating "Debug\Assigment4.unsuccessfulbuild" because "AlwaysCreate" was specified.
       ClCompile:
         All outputs are up-to-date.
       ManifestResourceCompile:
         C:\Program Files (x86)\Microsoft SDKs\Windows\v7.0A\bin\rc.exe /nologo /fo"Debug\Assigment4.exe.embed.manifest.res" Debug\Assigment4_manifest.rc 
       Link:
         C:\Program Files (x86)\Microsoft Visual Studio 10.0\VC\bin\link.exe /ERRORREPORT:PROMPT /OUT:"H:\Semester 1\Programming 1\Assignments\Assignment4\Debug\Assigment4.exe" /INCREMENTAL /NOLOGO kernel32.lib user32.lib gdi32.lib winspool.lib comdlg32.lib advapi32.lib shell32.lib ole32.lib oleaut32.lib uuid.lib odbc32.lib odbccp32.lib /MANIFEST /ManifestFile:"Debug\Assigment4.exe.intermediate.manifest" /MANIFESTUAC:"level='asInvoker' uiAccess='false'" /DEBUG /PDB:"H:\Semester 1\Programming 1\Assignments\Assignment4\Debug\Assigment4.pdb" /SUBSYSTEM:CONSOLE /TLBID:1 /DYNAMICBASE /NXCOMPAT /IMPLIB:"H:\Semester 1\Programming 1\Assignments\Assignment4\Debug\Assigment4.lib" /MACHINE:X86 Debug\Assigment4.exe.embed.manifest.res
         Debug\Assignment4.obj
       Manifest:
         C:\Program Files (x86)\Microsoft SDKs\Windows\v7.0A\bin\mt.exe /nologo /verbose /out:"Debug\Assigment4.exe.embed.manifest" /manifest Debug\Assigment4.exe.intermediate.manifest
         C:\Program Files (x86)\Microsoft SDKs\Windows\v7.0A\bin\rc.exe /nologo /fo"Debug\Assigment4.exe.embed.manifest.res" Debug\Assigment4_manifest.rc 
       LinkEmbedManifest:
         C:\Program Files (x86)\Microsoft Visual Studio 10.0\VC\bin\link.exe /ERRORREPORT:PROMPT /OUT:"H:\Semester 1\Programming 1\Assignments\Assignment4\Debug\Assigment4.exe" /INCREMENTAL /NOLOGO kernel32.lib user32.lib gdi32.lib winspool.lib comdlg32.lib advapi32.lib shell32.lib ole32.lib oleaut32.lib uuid.lib odbc32.lib odbccp32.lib /MANIFEST /ManifestFile:"Debug\Assigment4.exe.intermediate.manifest" /MANIFESTUAC:"level='asInvoker' uiAccess='false'" /DEBUG /PDB:"H:\Semester 1\Programming 1\Assignments\Assignment4\Debug\Assigment4.pdb" /SUBSYSTEM:CONSOLE /TLBID:1 /DYNAMICBASE /NXCOMPAT /IMPLIB:"H:\Semester 1\Programming 1\Assignments\Assignment4\Debug\Assigment4.lib" /MACHINE:X86 Debug\Assigment4.exe.embed.manifest.res
         Debug\Assignment4.obj
         Assigment4.vcxproj -> H:\Semester 1\Programming 1\Assignments\Assignment4\Debug\Assigment4.exe
       FinalizeBuildStatus:
         Deleting file "Debug\Assigment4.unsuccessfulbuild".
         Touching "Debug\Assigment4.lastbuildstate".
     1>Done Building Project "H:\Semester 1\Programming 1\Assignments\Assignment4\Assigment4.vcxproj" (build target(s)).

Build succeeded.

Time Elapsed 00:00:02.76
