Build started 11/4/2013 1:52:58 PM.
     1>Project "C:\Users\shageo12\Desktop\a4-shapg\a4v3-shapg\a4v3-shapg\a4v3-shapg.vcxproj" on node 2 (Build target(s)).
     1>ClCompile:
         C:\Program Files (x86)\Microsoft Visual Studio 11.0\VC\bin\CL.exe /c /ZI /nologo /W3 /WX- /Od /Oy- /D WIN32 /D _DEBUG /D _CONSOLE /D _UNICODE /D UNICODE /Gm /EHsc /RTC1 /MDd /GS /fp:precise /Zc:wchar_t /Zc:forScope /Fo"Debug\\" /Fd"Debug\vc110.pdb" /Gd /TP /analyze- /errorReport:prompt "..\..\a4v3-shapg.cpp"
         a4v3-shapg.cpp
     1>c:\users\shageo12\desktop\a4-shapg\a4v3-shapg.cpp(8): warning C4616: #pragma warning : warning number '4996' not a valid compiler warning
     1>c:\users\shageo12\desktop\a4-shapg\a4v3-shapg.cpp(246): warning C4129: 'S' : unrecognized character escape sequence
     1>c:\users\shageo12\desktop\a4-shapg\a4v3-shapg.cpp(246): warning C4129: '%' : unrecognized character escape sequence
     1>c:\users\shageo12\desktop\a4-shapg\a4v3-shapg.cpp(246): warning C4129: '-' : unrecognized character escape sequence
     1>c:\users\shageo12\desktop\a4-shapg\a4v3-shapg.cpp(252): warning C4129: 'S' : unrecognized character escape sequence
     1>c:\users\shageo12\desktop\a4-shapg\a4v3-shapg.cpp(252): warning C4129: '%' : unrecognized character escape sequence
     1>c:\users\shageo12\desktop\a4-shapg\a4v3-shapg.cpp(252): warning C4129: '-' : unrecognized character escape sequence
     1>c:\users\shageo12\desktop\a4-shapg\a4v3-shapg.cpp(258): warning C4129: 'S' : unrecognized character escape sequence
     1>c:\users\shageo12\desktop\a4-shapg\a4v3-shapg.cpp(258): warning C4129: '%' : unrecognized character escape sequence
     1>c:\users\shageo12\desktop\a4-shapg\a4v3-shapg.cpp(258): warning C4129: '-' : unrecognized character escape sequence
     1>c:\users\shageo12\desktop\a4-shapg\a4v3-shapg.cpp(264): warning C4129: 'S' : unrecognized character escape sequence
     1>c:\users\shageo12\desktop\a4-shapg\a4v3-shapg.cpp(264): warning C4129: '%' : unrecognized character escape sequence
     1>c:\users\shageo12\desktop\a4-shapg\a4v3-shapg.cpp(264): warning C4129: '-' : unrecognized character escape sequence
     1>c:\users\shageo12\desktop\a4-shapg\a4v3-shapg.cpp(270): warning C4129: 'S' : unrecognized character escape sequence
     1>c:\users\shageo12\desktop\a4-shapg\a4v3-shapg.cpp(270): warning C4129: '%' : unrecognized character escape sequence
     1>c:\users\shageo12\desktop\a4-shapg\a4v3-shapg.cpp(270): warning C4129: '-' : unrecognized character escape sequence
     1>c:\users\shageo12\desktop\a4-shapg\a4v3-shapg.cpp(276): warning C4129: 'S' : unrecognized character escape sequence
     1>c:\users\shageo12\desktop\a4-shapg\a4v3-shapg.cpp(276): warning C4129: '%' : unrecognized character escape sequence
     1>c:\users\shageo12\desktop\a4-shapg\a4v3-shapg.cpp(276): warning C4129: '-' : unrecognized character escape sequence
     1>c:\users\shageo12\desktop\a4-shapg\a4v3-shapg.cpp(282): warning C4129: 'S' : unrecognized character escape sequence
     1>c:\users\shageo12\desktop\a4-shapg\a4v3-shapg.cpp(282): warning C4129: '%' : unrecognized character escape sequence
     1>c:\users\shageo12\desktop\a4-shapg\a4v3-shapg.cpp(282): warning C4129: '-' : unrecognized character escape sequence
     1>c:\users\shageo12\desktop\a4-shapg\a4v3-shapg.cpp(288): warning C4129: 'S' : unrecognized character escape sequence
     1>c:\users\shageo12\desktop\a4-shapg\a4v3-shapg.cpp(288): warning C4129: '%' : unrecognized character escape sequence
     1>c:\users\shageo12\desktop\a4-shapg\a4v3-shapg.cpp(288): warning C4129: '-' : unrecognized character escape sequence
     1>c:\users\shageo12\desktop\a4-shapg\a4v3-shapg.cpp(294): warning C4129: 'S' : unrecognized character escape sequence
     1>c:\users\shageo12\desktop\a4-shapg\a4v3-shapg.cpp(294): warning C4129: '%' : unrecognized character escape sequence
     1>c:\users\shageo12\desktop\a4-shapg\a4v3-shapg.cpp(294): warning C4129: '-' : unrecognized character escape sequence
     1>c:\users\shageo12\desktop\a4-shapg\a4v3-shapg.cpp(300): warning C4129: 'S' : unrecognized character escape sequence
     1>c:\users\shageo12\desktop\a4-shapg\a4v3-shapg.cpp(300): warning C4129: '%' : unrecognized character escape sequence
     1>c:\users\shageo12\desktop\a4-shapg\a4v3-shapg.cpp(300): warning C4129: '-' : unrecognized character escape sequence
       Link:
         C:\Program Files (x86)\Microsoft Visual Studio 11.0\VC\bin\link.exe /ERRORREPORT:PROMPT /OUT:"C:\Users\shageo12\Desktop\a4-shapg\a4v3-shapg\Debug\a4v3-shapg.exe" /INCREMENTAL /NOLOGO kernel32.lib user32.lib gdi32.lib winspool.lib comdlg32.lib advapi32.lib shell32.lib ole32.lib oleaut32.lib uuid.lib odbc32.lib odbccp32.lib /MANIFEST /MANIFESTUAC:"level='asInvoker' uiAccess='false'" /manifest:embed /DEBUG /PDB:"C:\Users\shageo12\Desktop\a4-shapg\a4v3-shapg\Debug\a4v3-shapg.pdb" /SUBSYSTEM:CONSOLE /TLBID:1 /DYNAMICBASE /NXCOMPAT /IMPLIB:"C:\Users\shageo12\Desktop\a4-shapg\a4v3-shapg\Debug\a4v3-shapg.lib" /MACHINE:X86 "Debug\a4v3-shapg.obj"
         a4v3-shapg.vcxproj -> C:\Users\shageo12\Desktop\a4-shapg\a4v3-shapg\Debug\a4v3-shapg.exe
     1>Done Building Project "C:\Users\shageo12\Desktop\a4-shapg\a4v3-shapg\a4v3-shapg\a4v3-shapg.vcxproj" (Build target(s)).

Build succeeded.

Time Elapsed 00:00:01.07
