Build started 10/19/2012 10:16:23 AM.
     1>Project "H:\Semester 1\Programming 1\Assignments\Assignment3\Assignment3.vcxproj" on node 2 (build target(s)).
     1>InitializeBuildStatus:
         Touching "Debug\Assignment3.unsuccessfulbuild".
       ClCompile:
         All outputs are up-to-date.
       ManifestResourceCompile:
         All outputs are up-to-date.
       Link:
         C:\Program Files (x86)\Microsoft Visual Studio 10.0\VC\bin\link.exe /ERRORREPORT:PROMPT /OUT:"H:\Semester 1\Programming 1\Assignments\Assignment3\Debug\Assignment3.exe" /INCREMENTAL /NOLOGO kernel32.lib user32.lib gdi32.lib winspool.lib comdlg32.lib advapi32.lib shell32.lib ole32.lib oleaut32.lib uuid.lib odbc32.lib odbccp32.lib /MANIFEST /ManifestFile:"Debug\Assignment3.exe.intermediate.manifest" /MANIFESTUAC:"level='asInvoker' uiAccess='false'" /DEBUG /PDB:"H:\Semester 1\Programming 1\Assignments\Assignment3\Debug\Assignment3.pdb" /SUBSYSTEM:CONSOLE /TLBID:1 /DYNAMICBASE /NXCOMPAT /IMPLIB:"H:\Semester 1\Programming 1\Assignments\Assignment3\Debug\Assignment3.lib" /MACHINE:X86 Debug\Assignment3.exe.embed.manifest.res
         Debug\Assignment3.obj
       Manifest:
         C:\Program Files (x86)\Microsoft SDKs\Windows\v7.0A\bin\mt.exe /nologo /verbose /out:"Debug\Assignment3.exe.embed.manifest" /manifest Debug\Assignment3.exe.intermediate.manifest
         All outputs are up-to-date.
       LinkEmbedManifest:
         C:\Program Files (x86)\Microsoft Visual Studio 10.0\VC\bin\link.exe /ERRORREPORT:PROMPT /OUT:"H:\Semester 1\Programming 1\Assignments\Assignment3\Debug\Assignment3.exe" /INCREMENTAL /NOLOGO kernel32.lib user32.lib gdi32.lib winspool.lib comdlg32.lib advapi32.lib shell32.lib ole32.lib oleaut32.lib uuid.lib odbc32.lib odbccp32.lib /MANIFEST /ManifestFile:"Debug\Assignment3.exe.intermediate.manifest" /MANIFESTUAC:"level='asInvoker' uiAccess='false'" /DEBUG /PDB:"H:\Semester 1\Programming 1\Assignments\Assignment3\Debug\Assignment3.pdb" /SUBSYSTEM:CONSOLE /TLBID:1 /DYNAMICBASE /NXCOMPAT /IMPLIB:"H:\Semester 1\Programming 1\Assignments\Assignment3\Debug\Assignment3.lib" /MACHINE:X86 Debug\Assignment3.exe.embed.manifest.res
         Debug\Assignment3.obj
         Assignment3.vcxproj -> H:\Semester 1\Programming 1\Assignments\Assignment3\Debug\Assignment3.exe
       FinalizeBuildStatus:
         Deleting file "Debug\Assignment3.unsuccessfulbuild".
         Touching "Debug\Assignment3.lastbuildstate".
     1>Done Building Project "H:\Semester 1\Programming 1\Assignments\Assignment3\Assignment3.vcxproj" (build target(s)).

Build succeeded.

Time Elapsed 00:00:02.36
