Build started 11/9/2013 2:55:36 PM.
Project "C:\Users\Geoff\Desktop\fuck\a4-shapg\a4v4-shapg\a4v4-shapg\a4v4-shapg\a4v4-shapg.vcxproj" on node 2 (Build target(s)).
ClCompile:
  C:\Program Files (x86)\Microsoft Visual Studio 11.0\VC\bin\CL.exe /c /ZI /nologo /W3 /WX- /Od /Oy- /D WIN32 /D _DEBUG /D _CONSOLE /D _UNICODE /D UNICODE /Gm /EHsc /RTC1 /MDd /GS /fp:precise /Zc:wchar_t /Zc:forScope /Fo"Debug\\" /Fd"Debug\vc110.pdb" /Gd /TP /analyze- /errorReport:prompt "..\..\..\a4v4-shapg.cpp"
  a4v4-shapg.cpp
c:\users\geoff\desktop\fuck\a4-shapg\a4v4-shapg.cpp(8): warning C4616: #pragma warning : warning number '4996' not a valid compiler warning
c:\users\geoff\desktop\fuck\a4-shapg\a4v4-shapg.cpp(285): warning C4129: 'S' : unrecognized character escape sequence
c:\users\geoff\desktop\fuck\a4-shapg\a4v4-shapg.cpp(285): warning C4129: '%' : unrecognized character escape sequence
c:\users\geoff\desktop\fuck\a4-shapg\a4v4-shapg.cpp(285): warning C4129: '-' : unrecognized character escape sequence
c:\users\geoff\desktop\fuck\a4-shapg\a4v4-shapg.cpp(294): warning C4129: 'S' : unrecognized character escape sequence
c:\users\geoff\desktop\fuck\a4-shapg\a4v4-shapg.cpp(294): warning C4129: '%' : unrecognized character escape sequence
c:\users\geoff\desktop\fuck\a4-shapg\a4v4-shapg.cpp(294): warning C4129: '-' : unrecognized character escape sequence
c:\users\geoff\desktop\fuck\a4-shapg\a4v4-shapg.cpp(301): warning C4129: 'S' : unrecognized character escape sequence
c:\users\geoff\desktop\fuck\a4-shapg\a4v4-shapg.cpp(301): warning C4129: '%' : unrecognized character escape sequence
c:\users\geoff\desktop\fuck\a4-shapg\a4v4-shapg.cpp(301): warning C4129: '-' : unrecognized character escape sequence
c:\users\geoff\desktop\fuck\a4-shapg\a4v4-shapg.cpp(317): warning C4129: 'S' : unrecognized character escape sequence
c:\users\geoff\desktop\fuck\a4-shapg\a4v4-shapg.cpp(317): warning C4129: '%' : unrecognized character escape sequence
c:\users\geoff\desktop\fuck\a4-shapg\a4v4-shapg.cpp(317): warning C4129: '-' : unrecognized character escape sequence
Link:
  C:\Program Files (x86)\Microsoft Visual Studio 11.0\VC\bin\link.exe /ERRORREPORT:PROMPT /OUT:"C:\Users\Geoff\Desktop\fuck\a4-shapg\a4v4-shapg\a4v4-shapg\Debug\a4v4-shapg.exe" /INCREMENTAL /NOLOGO kernel32.lib user32.lib gdi32.lib winspool.lib comdlg32.lib advapi32.lib shell32.lib ole32.lib oleaut32.lib uuid.lib odbc32.lib odbccp32.lib /MANIFEST /MANIFESTUAC:"level='asInvoker' uiAccess='false'" /manifest:embed /DEBUG /PDB:"C:\Users\Geoff\Desktop\fuck\a4-shapg\a4v4-shapg\a4v4-shapg\Debug\a4v4-shapg.pdb" /SUBSYSTEM:CONSOLE /TLBID:1 /DYNAMICBASE /NXCOMPAT /IMPLIB:"C:\Users\Geoff\Desktop\fuck\a4-shapg\a4v4-shapg\a4v4-shapg\Debug\a4v4-shapg.lib" /MACHINE:X86 "Debug\a4v4-shapg.obj"
  a4v4-shapg.vcxproj -> C:\Users\Geoff\Desktop\fuck\a4-shapg\a4v4-shapg\a4v4-shapg\Debug\a4v4-shapg.exe
Done Building Project "C:\Users\Geoff\Desktop\fuck\a4-shapg\a4v4-shapg\a4v4-shapg\a4v4-shapg\a4v4-shapg.vcxproj" (Build target(s)).

Build succeeded.

Time Elapsed 00:00:02.40
