Build started 11/16/2014 12:56:27 PM.
     1>Project "C:\Users\Geoff\a4-shapgFIVE\a4v3-shapg\a4v3-shapg\a4v3-shapg.vcxproj" on node 2 (Build target(s)).
     1>ClCompile:
         C:\Program Files (x86)\Microsoft Visual Studio 12.0\VC\bin\CL.exe /c /ZI /nologo /W3 /WX- /sdl /Od /Oy- /D _MBCS /Gm /EHsc /RTC1 /MDd /GS /fp:precise /Zc:wchar_t /Zc:forScope /Fo"Debug\\" /Fd"Debug\vc120.pdb" /Gd /TP /analyze- /errorReport:prompt "..\..\a4v3-shapg.cpp"
         a4v3-shapg.cpp
     1>c:\users\geoff\a4-shapgfive\a4v3-shapg.cpp(115): error C2872: 'plus' : ambiguous symbol
                 could be 'c:\users\geoff\a4-shapgfive\a4v3-shapg.cpp(12) : CharType plus'
                 or       'c:\program files (x86)\microsoft visual studio 12.0\vc\include\xstddef(145) : std::plus'
     1>c:\users\geoff\a4-shapgfive\a4v3-shapg.cpp(117): error C2872: 'minus' : ambiguous symbol
                 could be 'c:\users\geoff\a4-shapgfive\a4v3-shapg.cpp(12) : CharType minus'
                 or       'c:\program files (x86)\microsoft visual studio 12.0\vc\include\xstddef(156) : std::minus'
     1>c:\users\geoff\a4-shapgfive\a4v3-shapg.cpp(136): error C2872: 'plus' : ambiguous symbol
                 could be 'c:\users\geoff\a4-shapgfive\a4v3-shapg.cpp(12) : CharType plus'
                 or       'c:\program files (x86)\microsoft visual studio 12.0\vc\include\xstddef(145) : std::plus'
     1>c:\users\geoff\a4-shapgfive\a4v3-shapg.cpp(137): error C2872: 'minus' : ambiguous symbol
                 could be 'c:\users\geoff\a4-shapgfive\a4v3-shapg.cpp(12) : CharType minus'
                 or       'c:\program files (x86)\microsoft visual studio 12.0\vc\include\xstddef(156) : std::minus'
     1>Done Building Project "C:\Users\Geoff\a4-shapgFIVE\a4v3-shapg\a4v3-shapg\a4v3-shapg.vcxproj" (Build target(s)) -- FAILED.

Build FAILED.

Time Elapsed 00:00:00.85
