Build started 12/11/2012 1:18:11 PM.
Project "\\psf\Home\Desktop\Assign6\Assign6.vcxproj" on node 2 (build target(s)).
InitializeBuildStatus:
  Creating "Debug\Assign6.unsuccessfulbuild" because "AlwaysCreate" was specified.
ClCompile:
  c:\Program Files (x86)\Microsoft Visual Studio 10.0\VC\bin\CL.exe /c /ZI /nologo /W3 /WX- /Od /Oy- /D WIN32 /D _DEBUG /D _CONSOLE /D _UNICODE /D UNICODE /Gm /EHsc /RTC1 /MDd /GS /fp:precise /Zc:wchar_t /Zc:forScope /Fo"Debug\\" /Fd"Debug\vc100.pdb" /Gd /TP /analyze- /errorReport:prompt Assign6.cpp
  Assign6.cpp
\\psf\home\desktop\assign6\assign6.cpp(147): warning C4018: '>' : signed/unsigned mismatch
\\psf\home\desktop\assign6\assign6.cpp(151): warning C4018: '<' : signed/unsigned mismatch
ManifestResourceCompile:
  c:\Program Files (x86)\Microsoft SDKs\Windows\v7.0A\bin\rc.exe /nologo /fo"Debug\Assign6.exe.embed.manifest.res" Debug\Assign6_manifest.rc 
Link:
  c:\Program Files (x86)\Microsoft Visual Studio 10.0\VC\bin\link.exe /ERRORREPORT:PROMPT /OUT:"\\psf\Home\Desktop\Assign6\Debug\Assign6.exe" /INCREMENTAL /NOLOGO kernel32.lib user32.lib gdi32.lib winspool.lib comdlg32.lib advapi32.lib shell32.lib ole32.lib oleaut32.lib uuid.lib odbc32.lib odbccp32.lib /MANIFEST /ManifestFile:"Debug\Assign6.exe.intermediate.manifest" /MANIFESTUAC:"level='asInvoker' uiAccess='false'" /DEBUG /PDB:"\\psf\Home\Desktop\Assign6\Debug\Assign6.pdb" /SUBSYSTEM:CONSOLE /TLBID:1 /DYNAMICBASE /NXCOMPAT /IMPLIB:"\\psf\Home\Desktop\Assign6\Debug\Assign6.lib" /MACHINE:X86 Debug\Assign6.exe.embed.manifest.res
  Debug\Assign6.obj
Manifest:
  c:\Program Files (x86)\Microsoft SDKs\Windows\v7.0A\bin\mt.exe /nologo /verbose /out:"Debug\Assign6.exe.embed.manifest" /manifest Debug\Assign6.exe.intermediate.manifest
  c:\Program Files (x86)\Microsoft SDKs\Windows\v7.0A\bin\rc.exe /nologo /fo"Debug\Assign6.exe.embed.manifest.res" Debug\Assign6_manifest.rc 
LinkEmbedManifest:
  All outputs are up-to-date.
  Assign6.vcxproj -> \\psf\Home\Desktop\Assign6\Debug\Assign6.exe
FinalizeBuildStatus:
  Deleting file "Debug\Assign6.unsuccessfulbuild".
  Touching "Debug\Assign6.lastbuildstate".
Done Building Project "\\psf\Home\Desktop\Assign6\Assign6.vcxproj" (build target(s)).

Build succeeded.

Time Elapsed 00:00:03.84
